

============================== 2022-03-30 21:29:00.334018 | 9d29c168-fc50-46f9-acb5-37ff7af97ee2 ==============================
21:29:00.334018 [info ] [MainThread]: Running with dbt=1.0.4
21:29:00.334458 [debug] [MainThread]: running dbt with arguments Namespace(cls=<class 'dbt.task.run.RunTask'>, debug=None, defer=None, event_buffer_size=None, exclude=None, fail_fast=None, full_refresh=False, log_cache_events=False, log_format=None, partial_parse=None, printer_width=None, profile=None, profiles_dir='/home/psalmprax/.dbt', project_dir=None, record_timing_info=None, rpc_method='run', select=None, selector_name=None, send_anonymous_usage_stats=None, single_threaded=False, state=None, static_parser=None, target=None, threads=None, use_colors=None, use_experimental_parser=None, vars='{}', version_check=None, warn_error=None, which='run', write_json=None)
21:29:00.334623 [debug] [MainThread]: Tracking: tracking
21:29:00.341881 [debug] [MainThread]: Sending event: {'category': 'dbt', 'action': 'invocation', 'label': 'start', 'context': [<snowplow_tracker.self_describing_json.SelfDescribingJson object at 0x7fdb06055520>, <snowplow_tracker.self_describing_json.SelfDescribingJson object at 0x7fdb060555b0>, <snowplow_tracker.self_describing_json.SelfDescribingJson object at 0x7fdb060555e0>]}
21:29:00.351492 [info ] [MainThread]: Partial parse save file not found. Starting full parse.
21:29:00.351814 [debug] [MainThread]: Sending event: {'category': 'dbt', 'action': 'partial_parser', 'label': '9d29c168-fc50-46f9-acb5-37ff7af97ee2', 'context': [<snowplow_tracker.self_describing_json.SelfDescribingJson object at 0x7fdb06072370>]}
21:29:00.359409 [debug] [MainThread]: Parsing macros/adapters.sql
21:29:00.382258 [debug] [MainThread]: Parsing macros/relations.sql
21:29:00.383493 [debug] [MainThread]: Parsing macros/catalog.sql
21:29:00.385331 [debug] [MainThread]: Parsing macros/materializations/snapshot_merge.sql
21:29:00.386791 [debug] [MainThread]: Parsing macros/generic_test_sql/unique.sql
21:29:00.387445 [debug] [MainThread]: Parsing macros/generic_test_sql/accepted_values.sql
21:29:00.388464 [debug] [MainThread]: Parsing macros/generic_test_sql/relationships.sql
21:29:00.389108 [debug] [MainThread]: Parsing macros/generic_test_sql/not_null.sql
21:29:00.389546 [debug] [MainThread]: Parsing macros/etc/statement.sql
21:29:00.392834 [debug] [MainThread]: Parsing macros/etc/datetime.sql
21:29:00.399274 [debug] [MainThread]: Parsing macros/materializations/hooks.sql
21:29:00.402369 [debug] [MainThread]: Parsing macros/materializations/configs.sql
21:29:00.404194 [debug] [MainThread]: Parsing macros/materializations/seeds/seed.sql
21:29:00.408646 [debug] [MainThread]: Parsing macros/materializations/seeds/helpers.sql
21:29:00.420737 [debug] [MainThread]: Parsing macros/materializations/snapshots/snapshot.sql
21:29:00.435025 [debug] [MainThread]: Parsing macros/materializations/snapshots/strategies.sql
21:29:00.447735 [debug] [MainThread]: Parsing macros/materializations/snapshots/helpers.sql
21:29:00.458056 [debug] [MainThread]: Parsing macros/materializations/snapshots/snapshot_merge.sql
21:29:00.460098 [debug] [MainThread]: Parsing macros/materializations/tests/where_subquery.sql
21:29:00.461556 [debug] [MainThread]: Parsing macros/materializations/tests/test.sql
21:29:00.464884 [debug] [MainThread]: Parsing macros/materializations/tests/helpers.sql
21:29:00.466201 [debug] [MainThread]: Parsing macros/materializations/models/incremental/incremental.sql
21:29:00.474892 [debug] [MainThread]: Parsing macros/materializations/models/incremental/merge.sql
21:29:00.483101 [debug] [MainThread]: Parsing macros/materializations/models/incremental/column_helpers.sql
21:29:00.486427 [debug] [MainThread]: Parsing macros/materializations/models/incremental/is_incremental.sql
21:29:00.487612 [debug] [MainThread]: Parsing macros/materializations/models/incremental/on_schema_change.sql
21:29:00.498590 [debug] [MainThread]: Parsing macros/materializations/models/view/create_view_as.sql
21:29:00.500425 [debug] [MainThread]: Parsing macros/materializations/models/view/create_or_replace_view.sql
21:29:00.503179 [debug] [MainThread]: Parsing macros/materializations/models/view/view.sql
21:29:00.508580 [debug] [MainThread]: Parsing macros/materializations/models/view/helpers.sql
21:29:00.509697 [debug] [MainThread]: Parsing macros/materializations/models/table/table.sql
21:29:00.514835 [debug] [MainThread]: Parsing macros/materializations/models/table/create_table_as.sql
21:29:00.517076 [debug] [MainThread]: Parsing macros/adapters/schema.sql
21:29:00.518975 [debug] [MainThread]: Parsing macros/adapters/metadata.sql
21:29:00.524383 [debug] [MainThread]: Parsing macros/adapters/persist_docs.sql
21:29:00.527661 [debug] [MainThread]: Parsing macros/adapters/relation.sql
21:29:00.535486 [debug] [MainThread]: Parsing macros/adapters/columns.sql
21:29:00.543581 [debug] [MainThread]: Parsing macros/adapters/freshness.sql
21:29:00.545797 [debug] [MainThread]: Parsing macros/adapters/indexes.sql
21:29:00.547806 [debug] [MainThread]: Parsing macros/get_custom_name/get_custom_database.sql
21:29:00.548967 [debug] [MainThread]: Parsing macros/get_custom_name/get_custom_schema.sql
21:29:00.550948 [debug] [MainThread]: Parsing macros/get_custom_name/get_custom_alias.sql
21:29:00.552146 [debug] [MainThread]: Parsing tests/generic/builtin.sql
21:29:00.692641 [debug] [MainThread]: 1699: static parser successfully parsed example/my_first_dbt_model.sql
21:29:00.703566 [debug] [MainThread]: 1699: static parser successfully parsed example/my_second_dbt_model.sql
21:29:00.740704 [debug] [MainThread]: Sending event: {'category': 'dbt', 'action': 'load_project', 'label': '9d29c168-fc50-46f9-acb5-37ff7af97ee2', 'context': [<snowplow_tracker.self_describing_json.SelfDescribingJson object at 0x7fdb05ff3850>]}
21:29:00.745578 [debug] [MainThread]: Sending event: {'category': 'dbt', 'action': 'resource_counts', 'label': '9d29c168-fc50-46f9-acb5-37ff7af97ee2', 'context': [<snowplow_tracker.self_describing_json.SelfDescribingJson object at 0x7fdb05ff3790>]}
21:29:00.745870 [info ] [MainThread]: Found 2 models, 4 tests, 0 snapshots, 0 analyses, 165 macros, 0 operations, 0 seed files, 0 sources, 0 exposures, 0 metrics
21:29:00.746981 [info ] [MainThread]: 
21:29:00.747446 [debug] [MainThread]: Acquiring new postgres connection "master"
21:29:00.748242 [debug] [ThreadPool]: Acquiring new postgres connection "list_postgres"
21:29:00.755886 [debug] [ThreadPool]: Using postgres connection "list_postgres"
21:29:00.756165 [debug] [ThreadPool]: On list_postgres: /* {"app": "dbt", "dbt_version": "1.0.4", "profile_name": "SAM", "target_name": "dev", "connection_name": "list_postgres"} */

    select distinct nspname from pg_namespace
  
21:29:00.756316 [debug] [ThreadPool]: Opening a new connection, currently in state init
21:29:01.834058 [debug] [ThreadPool]: Postgres adapter: Got an error when attempting to open a postgres connection: 'could not translate host name "postgres" to address: Name or service not known
'
21:29:01.834519 [debug] [ThreadPool]: Postgres adapter: Error running SQL: /* {"app": "dbt", "dbt_version": "1.0.4", "profile_name": "SAM", "target_name": "dev", "connection_name": "list_postgres"} */

    select distinct nspname from pg_namespace
  
21:29:01.835017 [debug] [ThreadPool]: Postgres adapter: Rolling back transaction.
21:29:01.835323 [debug] [ThreadPool]: Postgres adapter: Error running SQL: macro list_schemas
21:29:01.835542 [debug] [ThreadPool]: Postgres adapter: Rolling back transaction.
21:29:01.835764 [debug] [ThreadPool]: On list_postgres: No close available on handle
21:29:01.836599 [debug] [MainThread]: Connection 'master' was properly closed.
21:29:01.836807 [debug] [MainThread]: Connection 'list_postgres' was properly closed.
21:29:01.837903 [debug] [MainThread]: Sending event: {'category': 'dbt', 'action': 'invocation', 'label': 'end', 'context': [<snowplow_tracker.self_describing_json.SelfDescribingJson object at 0x7fdb04f58100>, <snowplow_tracker.self_describing_json.SelfDescribingJson object at 0x7fdb04f58040>, <snowplow_tracker.self_describing_json.SelfDescribingJson object at 0x7fdb060187f0>]}


============================== 2022-03-31 01:13:16.515634 | f8593bb3-c699-4da1-86cd-7e4d4be65149 ==============================
01:13:16.515634 [info ] [MainThread]: Running with dbt=1.0.4
01:13:16.516074 [debug] [MainThread]: running dbt with arguments Namespace(cls=<class 'dbt.task.serve.ServeTask'>, debug=None, defer=None, event_buffer_size=None, fail_fast=None, log_cache_events=False, log_format=None, open_browser=True, partial_parse=None, port=8001, printer_width=None, profile=None, profiles_dir='/home/psalmprax/.dbt', project_dir=None, record_timing_info=None, rpc_method=None, send_anonymous_usage_stats=None, single_threaded=False, state=None, static_parser=None, target=None, use_colors=None, use_experimental_parser=None, vars='{}', version_check=None, warn_error=None, which='serve', write_json=None)
01:13:16.516348 [debug] [MainThread]: Tracking: tracking
01:13:16.524838 [debug] [MainThread]: Sending event: {'category': 'dbt', 'action': 'invocation', 'label': 'start', 'context': [<snowplow_tracker.self_describing_json.SelfDescribingJson object at 0x7f59784e0610>, <snowplow_tracker.self_describing_json.SelfDescribingJson object at 0x7f59784e06d0>, <snowplow_tracker.self_describing_json.SelfDescribingJson object at 0x7f59784e0700>]}
01:13:16.528393 [info ] [MainThread]: Serving docs at 0.0.0.0:8001
01:13:16.528702 [info ] [MainThread]: To access from your browser, navigate to:  http://localhost:8001
01:13:16.528937 [info ] [MainThread]: 
01:13:16.529177 [info ] [MainThread]: 
01:13:16.529376 [info ] [MainThread]: Press Ctrl+C to exit.


============================== 2022-03-31 01:44:04.141633 | 72b5216f-e9b6-47b2-86c2-7567d41d0811 ==============================
01:44:04.141633 [info ] [MainThread]: Running with dbt=1.0.4
01:44:04.142164 [debug] [MainThread]: running dbt with arguments Namespace(cls=<class 'dbt.task.serve.ServeTask'>, debug=None, defer=None, event_buffer_size=None, fail_fast=None, log_cache_events=False, log_format=None, open_browser=True, partial_parse=None, port=8001, printer_width=None, profile=None, profiles_dir='/home/psalmprax/.dbt', project_dir=None, record_timing_info=None, rpc_method=None, send_anonymous_usage_stats=None, single_threaded=False, state=None, static_parser=None, target=None, use_colors=None, use_experimental_parser=None, vars='{}', version_check=None, warn_error=None, which='serve', write_json=None)
01:44:04.142336 [debug] [MainThread]: Tracking: tracking
01:44:04.149411 [debug] [MainThread]: Sending event: {'category': 'dbt', 'action': 'invocation', 'label': 'start', 'context': [<snowplow_tracker.self_describing_json.SelfDescribingJson object at 0x7fcfae7e95b0>, <snowplow_tracker.self_describing_json.SelfDescribingJson object at 0x7fcfae7e9670>, <snowplow_tracker.self_describing_json.SelfDescribingJson object at 0x7fcfae7e96a0>]}
01:44:04.163040 [info ] [MainThread]: Serving docs at 0.0.0.0:8001
01:44:04.163454 [info ] [MainThread]: To access from your browser, navigate to:  http://localhost:8001
01:44:04.163759 [info ] [MainThread]: 
01:44:04.164006 [info ] [MainThread]: 
01:44:04.164302 [info ] [MainThread]: Press Ctrl+C to exit.
